Crashlog created at 2013-12-24 09:19:29 -0800

===== MESSAGE:

Errno::EADDRINUSE: Address already in use - bind(2)

===== COMPILATION STACK:

  (empty)

===== STACK TRACE:

  0. /System/Library/Frameworks/Ruby.framework/Versions/2.0/usr/lib/ruby/2.0.0/webrick/utils.rb:85:in `initialize'
  1. /System/Library/Frameworks/Ruby.framework/Versions/2.0/usr/lib/ruby/2.0.0/webrick/utils.rb:85:in `new'
  2. /System/Library/Frameworks/Ruby.framework/Versions/2.0/usr/lib/ruby/2.0.0/webrick/utils.rb:85:in `block in create_listeners'
  3. /System/Library/Frameworks/Ruby.framework/Versions/2.0/usr/lib/ruby/2.0.0/webrick/utils.rb:82:in `each'
  4. /System/Library/Frameworks/Ruby.framework/Versions/2.0/usr/lib/ruby/2.0.0/webrick/utils.rb:82:in `create_listeners'
  5. /System/Library/Frameworks/Ruby.framework/Versions/2.0/usr/lib/ruby/2.0.0/webrick/server.rb:132:in `listen'
  6. /System/Library/Frameworks/Ruby.framework/Versions/2.0/usr/lib/ruby/2.0.0/webrick/server.rb:113:in `initialize'
  7. /System/Library/Frameworks/Ruby.framework/Versions/2.0/usr/lib/ruby/2.0.0/webrick/httpserver.rb:45:in `initialize'
  8. /Library/Ruby/Gems/2.0.0/gems/rack-1.5.2/lib/rack/handler/webrick.rb:11:in `new'
  9. /Library/Ruby/Gems/2.0.0/gems/rack-1.5.2/lib/rack/handler/webrick.rb:11:in `run'
  10. /Library/Ruby/Gems/2.0.0/gems/nanoc-3.6.5/lib/nanoc/cli/commands/view.rb:51:in `run'
  11. /Library/Ruby/Gems/2.0.0/gems/nanoc-3.6.5/lib/nanoc/cli/command_runner.rb:14:in `block in call'
  12. /Library/Ruby/Gems/2.0.0/gems/nanoc-3.6.5/lib/nanoc/cli/error_handler.rb:70:in `handle_while'
  13. /Library/Ruby/Gems/2.0.0/gems/nanoc-3.6.5/lib/nanoc/cli/error_handler.rb:26:in `handle_while'
  14. /Library/Ruby/Gems/2.0.0/gems/nanoc-3.6.5/lib/nanoc/cli/command_runner.rb:13:in `call'
  15. /Library/Ruby/Gems/2.0.0/gems/cri-2.4.0/lib/cri/command_dsl.rb:185:in `block in runner'
  16. /Library/Ruby/Gems/2.0.0/gems/cri-2.4.0/lib/cri/command.rb:296:in `call'
  17. /Library/Ruby/Gems/2.0.0/gems/cri-2.4.0/lib/cri/command.rb:296:in `run_this'
  18. /Library/Ruby/Gems/2.0.0/gems/cri-2.4.0/lib/cri/command.rb:249:in `run'
  19. /Library/Ruby/Gems/2.0.0/gems/cri-2.4.0/lib/cri/command.rb:262:in `run'
  20. /Library/Ruby/Gems/2.0.0/gems/nanoc-3.6.5/lib/nanoc/cli.rb:52:in `block in run'
  21. /Library/Ruby/Gems/2.0.0/gems/nanoc-3.6.5/lib/nanoc/cli/error_handler.rb:70:in `handle_while'
  22. /Library/Ruby/Gems/2.0.0/gems/nanoc-3.6.5/lib/nanoc/cli/error_handler.rb:26:in `handle_while'
  23. /Library/Ruby/Gems/2.0.0/gems/nanoc-3.6.5/lib/nanoc/cli.rb:50:in `run'
  24. /Library/Ruby/Gems/2.0.0/gems/nanoc-3.6.5/bin/nanoc:19:in `<top (required)>'
  25. /usr/bin/nanoc:23:in `load'
  ... 28 more lines omitted. See full crash log for details.

===== VERSION INFORMATION:

nanoc 3.6.5 © 2007-2013 Denis Defreyne.
Running ruby 2.0.0 (2013-06-27) on universal.x86_64-darwin13 with RubyGems 2.0.3.

===== SYSTEM INFORMATION:

Darwin LM-SJN-00713584 13.0.0 Darwin Kernel Version 13.0.0: Thu Sep 19 22:22:27 PDT 2013; root:xnu-2422.1.72~6/RELEASE_X86_64 x86_64

===== INSTALLED GEMS:

  CFPropertyList 2.2.0
  adsf 1.1.1
  celluloid 0.15.2
  chunky_png 1.2.9
  coderay 1.0.9, 1.1.0
  colored 1.2
  compass 0.12.2
  cri 2.4.0
  ffi 1.9.2
  formatador 0.2.4
  fssm 0.2.10
  guard 2.2.2
  guard-nanoc 1.0.1
  kramdown 1.2.0
  libxml-ruby 2.6.0
  listen 2.2.0
  lumberjack 1.0.4
  method_source 0.8.2
  mini_portile 0.5.2
  nanoc 3.6.5
  nokogiri 1.5.6, 1.6.0
  pry 0.9.12.2
  rack 1.5.2
  rb-fsevent 0.9.3
  rb-inotify 0.9.2
  sass 3.2.12
  slop 3.4.6
  sqlite3 1.3.7
  susy 1.0.9
  thor 0.18.1
  timers 1.1.0

===== ENVIRONMENT:

Apple_PubSub_Socket_Render => "/tmp/launch-wrTbZa/Render"
CLICOLOR => "1"
HADOOP_HOME => "/Users/xinzhong/lib/hadoop-2.0.0-cdh4.3.0"
HOME => "/Users/xinzhong"
JAVA_HOME => "/Library/Java/JavaVirtualMachines/jdk1.7.0_21.jdk/Contents/Home"
LANG => "en_US.UTF-8"
LOGNAME => "xinzhong"
LSCOLORS => "ExFxCxDxBxegedabagacad"
MAVEN_HOME => "/Users/xinzhong/lib/apache-maven-3.1.1"
MONGO_HOME => "/Users/xinzhong/lib/mongodb-osx-x86_64-2.2.2"
PATH => "/usr/local/heroku/bin:/Users/xinzhong/Downloads/shifu-0.0.2/bin:/usr/bin:/bin:/usr/sbin:/sbin:/usr/local/bin:/usr/local/git/bin:/usr/texbin:/Users/xinzhong/Workplace/lib/pig-0.9.2/bin:/usr/local/lib:/Library/Java/JavaVirtualMachines/jdk1.7.0_21.jdk/Contents/Home/bin:/Users/xinzhong/lib/pig-0.11.0/bin:/Users/xinzhong/lib/hadoop-2.0.0-cdh4.3.0/bin:/Users/xinzhong/lib/apache-maven-3.1.1/bin:/Applications/Xcode.app/Contents/Developer/usr/bin:/Users/xinzhong/lib/play-2.1.3:/Users/xinzhong/lib/mongodb-osx-x86_64-2.2.2/bin"
PIG_HOME => "/Users/xinzhong/lib/pig-0.11.0"
PLAY_HOME => "/Users/xinzhong/lib/play-2.1.3"
PWD => "/Users/xinzhong/Dropbox/projects/xNotes"
SECURITYSESSIONID => "186a4"
SHELL => "/bin/sh"
SHIFU_HOME => "/Users/xinzhong/Downloads/shifu-0.0.2"
SHLVL => "1"
SSH_AUTH_SOCK => "/tmp/launch-Jb5irJ/Listeners"
TERM => "xterm-256color"
TERM_PROGRAM => "Apple_Terminal"
TERM_PROGRAM_VERSION => "326"
TERM_SESSION_ID => "037263B9-05DA-4EF9-A0BE-793AB25D934C"
TMPDIR => "/var/folders/v6/20fdtzg52hncpsqv58yxjvgr38z77s/T/"
USER => "xinzhong"
XCODE => "/Applications/Xcode.app/Contents/Developer/usr/bin"
_ => "/usr/bin/nanoc"
__CF_USER_TEXT_ENCODING => "0x68F9CF9:0:0"
__CHECKFIX1436934 => "1"

===== LOAD PATHS:

  0. /Library/Ruby/Gems/2.0.0/gems/nanoc-3.6.5/lib
  1. /Library/Ruby/Gems/2.0.0/gems/colored-1.2/lib
  2. /Library/Ruby/Gems/2.0.0/gems/cri-2.4.0/lib
  3. /Library/Ruby/Gems/2.0.0/gems/nanoc-3.6.5/lib
  4. /Library/Ruby/Gems/2.0.0/gems/rack-1.5.2/lib
  5. /Library/Ruby/Gems/2.0.0/gems/adsf-1.1.1/lib
  6. /Library/Ruby/Site/2.0.0
  7. /Library/Ruby/Site/2.0.0/x86_64-darwin13
  8. /Library/Ruby/Site/2.0.0/universal-darwin13
  9. /Library/Ruby/Site
  10. /System/Library/Frameworks/Ruby.framework/Versions/2.0/usr/lib/ruby/vendor_ruby/2.0.0
  11. /System/Library/Frameworks/Ruby.framework/Versions/2.0/usr/lib/ruby/vendor_ruby/2.0.0/x86_64-darwin13
  12. /System/Library/Frameworks/Ruby.framework/Versions/2.0/usr/lib/ruby/vendor_ruby/2.0.0/universal-darwin13
  13. /System/Library/Frameworks/Ruby.framework/Versions/2.0/usr/lib/ruby/vendor_ruby
  14. /System/Library/Frameworks/Ruby.framework/Versions/2.0/usr/lib/ruby/2.0.0
  15. /System/Library/Frameworks/Ruby.framework/Versions/2.0/usr/lib/ruby/2.0.0/x86_64-darwin13
  16. /System/Library/Frameworks/Ruby.framework/Versions/2.0/usr/lib/ruby/2.0.0/universal-darwin13
